<?xml version="1.0" encoding="UTF-8"?>
<!-- Generated by org.testng.reporters.JUnitXMLReporter -->
<testsuite hostname="Vivek-PC" ignored="1" name="Default test" tests="1" failures="0" timestamp="21 Feb 2021 13:42:41 GMT" time="71.346" errors="0">
  <testcase name="verifyInvalidLoginFunctionalityForEmail" time="70.79" classname="com.bewakoof.TestLayer.LoginPageTest"/>
  <testcase name="verifyLoginPage_Elements" time="0.0" classname="com.bewakoof.TestLayer.LoginPageTest">
    <ignored/>
  </testcase> <!-- verifyLoginPage_Elements -->
</testsuite> <!-- Default test -->
