<?xml version="1.0" encoding="UTF-8"?>
<testng-results skipped="0" failed="0" ignored="1" total="2" passed="1">
  <reporter-output>
  </reporter-output>
  <suite name="Default suite" duration-ms="71346" started-at="2021-02-21T13:41:30Z" finished-at="2021-02-21T13:42:41Z">
    <groups>
    </groups>
    <test name="Default test" duration-ms="71346" started-at="2021-02-21T13:41:30Z" finished-at="2021-02-21T13:42:41Z">
      <class name="com.bewakoof.TestLayer.LoginPageTest">
        <test-method status="PASS" signature="setUp()[pri:0, instance:com.bewakoof.TestLayer.LoginPageTest@7d286fb6]" name="setUp" is-config="true" duration-ms="913" started-at="2021-02-21T13:41:29Z" finished-at="2021-02-21T13:41:30Z">
          <reporter-output>
          </reporter-output>
        </test-method> <!-- setUp -->
        <test-method status="PASS" signature="verifyInvalidLoginFunctionalityForEmail()[pri:2, instance:com.bewakoof.TestLayer.LoginPageTest@7d286fb6]" name="verifyInvalidLoginFunctionalityForEmail" duration-ms="70790" started-at="2021-02-21T13:41:30Z" finished-at="2021-02-21T13:42:40Z">
          <reporter-output>
          </reporter-output>
        </test-method> <!-- verifyInvalidLoginFunctionalityForEmail -->
        <test-method status="PASS" signature="tearDown()[pri:0, instance:com.bewakoof.TestLayer.LoginPageTest@7d286fb6]" name="tearDown" is-config="true" duration-ms="552" started-at="2021-02-21T13:42:40Z" finished-at="2021-02-21T13:42:41Z">
          <reporter-output>
          </reporter-output>
        </test-method> <!-- tearDown -->
      </class> <!-- com.bewakoof.TestLayer.LoginPageTest -->
    </test> <!-- Default test -->
  </suite> <!-- Default suite -->
</testng-results>
